<?xml version="1.0" encoding="UTF-8"?>
<robot generator="Robot 7.0.1 (Python 3.11.9 on darwin)" generated="2024-07-10T11:18:53.323707" rpa="false" schemaversion="5">
<suite id="s1" name="TC10-Webautomation assignment" source="/Users/yodsaphon.k/Desktop/VS_CODE/Webauto_assignment/testcases/TC10-Webautomation_assignment.robot">
<test id="s1-t1" name="TC00-Tesae" line="6">
<kw name="Enter website https://training-platform.doppio-tech.com" owner="common">
<kw name="Open Browser" owner="SeleniumLibrary">
<msg time="2024-07-10T11:18:53.382459" level="INFO">Opening browser 'chrome' to base url 'https://training-platform.doppio-tech.com/'.</msg>
<arg>${url}</arg>
<arg>browser=chrome</arg>
<doc>Opens a new browser instance to the optional ``url``.</doc>
<status status="PASS" start="2024-07-10T11:18:53.382357" elapsed="1.328115"/>
</kw>
<kw name="Maximize Browser Window" owner="SeleniumLibrary">
<doc>Maximizes current browser window.</doc>
<status status="PASS" start="2024-07-10T11:18:54.710814" elapsed="0.337653"/>
</kw>
<kw name="Sleep" owner="BuiltIn">
<msg time="2024-07-10T11:18:57.049273" level="INFO">Slept 2 seconds.</msg>
<arg>2s</arg>
<doc>Pauses the test executed for the given time.</doc>
<status status="PASS" start="2024-07-10T11:18:55.048754" elapsed="2.000721"/>
</kw>
<status status="PASS" start="2024-07-10T11:18:53.382108" elapsed="3.667525"/>
</kw>
<kw name="Sleep" owner="BuiltIn">
<msg time="2024-07-10T11:19:02.050404" level="INFO">Slept 5 seconds.</msg>
<arg>5s</arg>
<doc>Pauses the test executed for the given time.</doc>
<status status="PASS" start="2024-07-10T11:18:57.049966" elapsed="5.000600"/>
</kw>
<kw name="Navigate_to_my_order_page" owner="account_page">
<kw name="Click Element" owner="SeleniumLibrary">
<msg time="2024-07-10T11:19:02.051453" level="INFO">Clicking element 'xpath=//header//ul//div[2]/div[2]/span'.</msg>
<arg>${account_locator.btn_my_account}</arg>
<doc>Click the element identified by ``locator``.</doc>
<status status="PASS" start="2024-07-10T11:19:02.051137" elapsed="0.069147"/>
</kw>
<status status="PASS" start="2024-07-10T11:19:02.050869" elapsed="0.069531"/>
</kw>
<kw name="Sleep" owner="BuiltIn">
<msg time="2024-07-10T11:19:07.122789" level="INFO">Slept 5 seconds.</msg>
<arg>5s</arg>
<doc>Pauses the test executed for the given time.</doc>
<status status="PASS" start="2024-07-10T11:19:02.120870" elapsed="5.002026"/>
</kw>
<status status="PASS" start="2024-07-10T11:18:53.381882" elapsed="13.741195"/>
</test>
<status status="PASS" start="2024-07-10T11:18:53.324531" elapsed="13.798798"/>
</suite>
<statistics>
<total>
<stat pass="1" fail="0" skip="0">All Tests</stat>
</total>
<tag>
</tag>
<suite>
<stat pass="1" fail="0" skip="0" id="s1" name="TC10-Webautomation assignment">TC10-Webautomation assignment</stat>
</suite>
</statistics>
<errors>
<msg time="2024-07-10T11:18:53.378792" level="ERROR">Error in file '/Users/yodsaphon.k/Desktop/VS_CODE/Webauto_assignment/keywords/imports.robot' on line 7: Replacing variables from setting 'Variables' failed: Variable '${lang}' not found.</msg>
</errors>
</robot>
