<?xml version="1.0" encoding="UTF-8"?>
<robot generator="Robot 7.0.1 (Python 3.11.9 on darwin)" generated="2024-07-10T17:55:28.337663" rpa="false" schemaversion="5">
<suite id="s1" name="TC10-Webautomation assignment" source="/Users/yodsaphon.k/Documents/GitHub/Webautomation/testcases/TC10-Webautomation_assignment.robot">
<test id="s1-t1" name="TC01-Test Doppee platfrom" line="6">
<kw name="Enter website https://training-platform.doppio-tech.com" owner="common">
<kw name="Open Browser" owner="SeleniumLibrary">
<msg time="2024-07-10T17:55:28.397657" level="INFO">Opening browser 'chrome' to base url 'https://training-platform.doppio-tech.com/'.</msg>
<arg>${url}</arg>
<arg>browser=chrome</arg>
<doc>Opens a new browser instance to the optional ``url``.</doc>
<status status="PASS" start="2024-07-10T17:55:28.397557" elapsed="1.313478"/>
</kw>
<kw name="Maximize Browser Window" owner="SeleniumLibrary">
<doc>Maximizes current browser window.</doc>
<status status="PASS" start="2024-07-10T17:55:29.711681" elapsed="0.335261"/>
</kw>
<kw name="Sleep" owner="BuiltIn">
<msg time="2024-07-10T17:55:32.049271" level="INFO">Slept 2 seconds.</msg>
<arg>2s</arg>
<doc>Pauses the test executed for the given time.</doc>
<status status="PASS" start="2024-07-10T17:55:30.047243" elapsed="2.002105"/>
</kw>
<status status="PASS" start="2024-07-10T17:55:28.397322" elapsed="3.652111"/>
</kw>
<kw name="Register new account" owner="account_feature">
<msg time="2024-07-10T17:55:32.049866" level="FAIL">Keyword 'account_feature.Register new account' expected 0 arguments, got 1.</msg>
<arg>Jun0099@gmail.com</arg>
<status status="FAIL" start="2024-07-10T17:55:32.049747" elapsed="0.000141">Keyword 'account_feature.Register new account' expected 0 arguments, got 1.</status>
</kw>
<kw name="Search product (&quot;phone”)" owner="product_feature">
<status status="NOT RUN" start="2024-07-10T17:55:32.050024" elapsed="0.000022"/>
</kw>
<kw name="Add phone to cart" owner="product_feature">
<status status="NOT RUN" start="2024-07-10T17:55:32.050140" elapsed="0.000016"/>
</kw>
<kw name="Fill Delivery info field" owner="account_feature">
<status status="NOT RUN" start="2024-07-10T17:55:32.050256" elapsed="0.000017"/>
</kw>
<kw name="Purchase the product with credit card 4111 1111 1111 1111" owner="product_page">
<status status="NOT RUN" start="2024-07-10T17:55:32.050594" elapsed="0.000026"/>
</kw>
<kw name="Exp and cvc can be any" owner="product_feature">
<status status="NOT RUN" start="2024-07-10T17:55:32.050712" elapsed="0.000013"/>
</kw>
<kw name="Navigate to my order page" owner="account_feature">
<status status="NOT RUN" start="2024-07-10T17:55:32.050833" elapsed="0.000016"/>
</kw>
<kw name="The order should be created" owner="account_feature">
<status status="NOT RUN" start="2024-07-10T17:55:32.050925" elapsed="0.000011"/>
</kw>
<status status="FAIL" start="2024-07-10T17:55:28.397079" elapsed="3.653978">Keyword 'account_feature.Register new account' expected 0 arguments, got 1.</status>
</test>
<status status="FAIL" start="2024-07-10T17:55:28.338414" elapsed="3.712892"/>
</suite>
<statistics>
<total>
<stat pass="0" fail="1" skip="0">All Tests</stat>
</total>
<tag>
</tag>
<suite>
<stat pass="0" fail="1" skip="0" id="s1" name="TC10-Webautomation assignment">TC10-Webautomation assignment</stat>
</suite>
</statistics>
<errors>
<msg time="2024-07-10T17:55:28.393496" level="ERROR">Error in file '/Users/yodsaphon.k/Documents/GitHub/Webautomation/keywords/imports.robot' on line 7: Replacing variables from setting 'Variables' failed: Variable '${lang}' not found.</msg>
</errors>
</robot>
